# JRE version: OpenJDK Runtime Environment (8.0_152-b01) (build 1.8.0_152-release-915-b01)
# Java VM: OpenJDK 64-Bit Server VM (25.152-b01 mixed mode linux-amd64 compressed oops)
Heap:
 PSYoungGen      total 390144K, used 5728K [0x00000000e0000000, 0x00000000f9280000, 0x0000000100000000)
  eden space 368640K, 0% used [0x00000000e0000000,0x00000000e0000000,0x00000000f6800000)
  from space 21504K, 26% used [0x00000000f6800000,0x00000000f6d980c0,0x00000000f7d00000)
  to   space 22016K, 0% used [0x00000000f7d00000,0x00000000f7d00000,0x00000000f9280000)
 ParOldGen       total 106496K, used 77129K [0x00000000a0000000, 0x00000000a6800000, 0x00000000e0000000)
  object space 106496K, 72% used [0x00000000a0000000,0x00000000a4b52780,0x00000000a6800000)
 Metaspace       used 75426K, capacity 78008K, committed 78296K, reserved 1118208K
  class space    used 9814K, capacity 10393K, committed 10496K, reserved 1048576K
GC Heap History (10 events):
Event: 194.458 GC heap after
Heap after GC invocations=30 (full 4):
 PSYoungGen      total 259584K, used 0K [0x00000000e0000000, 0x00000000f1880000, 0x0000000100000000)
  eden space 238080K, 0% used [0x00000000e0000000,0x00000000e0000000,0x00000000ee880000)
  from space 21504K, 0% used [0x00000000f0380000,0x00000000f0380000,0x00000000f1880000)
  to   space 24576K, 0% used [0x00000000ee880000,0x00000000ee880000,0x00000000f0080000)
 ParOldGen       total 106496K, used 61908K [0x00000000a0000000, 0x00000000a6800000, 0x00000000e0000000)
  object space 106496K, 58% used [0x00000000a0000000,0x00000000a3c752e0,0x00000000a6800000)
 Metaspace       used 75093K, capacity 77680K, committed 78040K, reserved 1116160K
  class space    used 9814K, capacity 10393K, committed 10496K, reserved 1048576K
}
Event: 200.365 GC heap before
{Heap before GC invocations=31 (full 4):
 PSYoungGen      total 259584K, used 238080K [0x00000000e0000000, 0x00000000f1880000, 0x0000000100000000)
  eden space 238080K, 100% used [0x00000000e0000000,0x00000000ee880000,0x00000000ee880000)
  from space 21504K, 0% used [0x00000000f0380000,0x00000000f0380000,0x00000000f1880000)
  to   space 24576K, 0% used [0x00000000ee880000,0x00000000ee880000,0x00000000f0080000)
 ParOldGen       total 106496K, used 61908K [0x00000000a0000000, 0x00000000a6800000, 0x00000000e0000000)
  object space 106496K, 58% used [0x00000000a0000000,0x00000000a3c752e0,0x00000000a6800000)
 Metaspace       used 75279K, capacity 77872K, committed 78296K, reserved 1118208K
  class space    used 9814K, capacity 10393K, committed 10496K, reserved 1048576K
Event: 200.793 GC heap after
Heap after GC invocations=31 (full 4):
 PSYoungGen      total 262656K, used 9152K [0x00000000e0000000, 0x00000000f4a80000, 0x0000000100000000)
  eden space 238080K, 0% used [0x00000000e0000000,0x00000000e0000000,0x00000000ee880000)
  from space 24576K, 37% used [0x00000000ee880000,0x00000000ef170060,0x00000000f0080000)
  to   space 23552K, 0% used [0x00000000f3380000,0x00000000f3380000,0x00000000f4a80000)
 ParOldGen       total 106496K, used 61916K [0x00000000a0000000, 0x00000000a6800000, 0x00000000e0000000)
  object space 106496K, 58% used [0x00000000a0000000,0x00000000a3c772e0,0x00000000a6800000)
 Metaspace       used 75279K, capacity 77872K, committed 78296K, reserved 1118208K
  class space    used 9814K, capacity 10393K, committed 10496K, reserved 1048576K
}
Event: 202.941 GC heap before
{Heap before GC invocations=32 (full 4):
 PSYoungGen      total 262656K, used 247232K [0x00000000e0000000, 0x00000000f4a80000, 0x0000000100000000)
  eden space 238080K, 100% used [0x00000000e0000000,0x00000000ee880000,0x00000000ee880000)
  from space 24576K, 37% used [0x00000000ee880000,0x00000000ef170060,0x00000000f0080000)
  to   space 23552K, 0% used [0x00000000f3380000,0x00000000f3380000,0x00000000f4a80000)
 ParOldGen       total 106496K, used 61916K [0x00000000a0000000, 0x00000000a6800000, 0x00000000e0000000)
  object space 106496K, 58% used [0x00000000a0000000,0x00000000a3c772e0,0x00000000a6800000)
 Metaspace       used 75358K, capacity 77944K, committed 78296K, reserved 1118208K
  class space    used 9814K, capacity 10393K, committed 10496K, reserved 1048576K
Event: 202.978 GC heap after
Heap after GC invocations=32 (full 4):
 PSYoungGen      total 309760K, used 6336K [0x00000000e0000000, 0x00000000f4780000, 0x0000000100000000)
  eden space 289280K, 0% used [0x00000000e0000000,0x00000000e0000000,0x00000000f1a80000)
  from space 20480K, 30% used [0x00000000f3380000,0x00000000f39b00b0,0x00000000f4780000)
  to   space 23040K, 0% used [0x00000000f1a80000,0x00000000f1a80000,0x00000000f3100000)
 ParOldGen       total 106496K, used 66923K [0x00000000a0000000, 0x00000000a6800000, 0x00000000e0000000)
  object space 106496K, 62% used [0x00000000a0000000,0x00000000a415ac90,0x00000000a6800000)
 Metaspace       used 75358K, capacity 77944K, committed 78296K, reserved 1118208K
  class space    used 9814K, capacity 10393K, committed 10496K, reserved 1048576K
}
Event: 209.688 GC heap before
{Heap before GC invocations=33 (full 4):
 PSYoungGen      total 309760K, used 295616K [0x00000000e0000000, 0x00000000f4780000, 0x0000000100000000)
  eden space 289280K, 100% used [0x00000000e0000000,0x00000000f1a80000,0x00000000f1a80000)
  from space 20480K, 30% used [0x00000000f3380000,0x00000000f39b00b0,0x00000000f4780000)
  to   space 23040K, 0% used [0x00000000f1a80000,0x00000000f1a80000,0x00000000f3100000)
 ParOldGen       total 106496K, used 66923K [0x00000000a0000000, 0x00000000a6800000, 0x00000000e0000000)
  object space 106496K, 62% used [0x00000000a0000000,0x00000000a415ac90,0x00000000a6800000)
 Metaspace       used 75383K, capacity 78008K, committed 78296K, reserved 1118208K
  class space    used 9814K, capacity 10393K, committed 10496K, reserved 1048576K
Event: 215.274 GC heap after
Heap after GC invocations=33 (full 4):
 PSYoungGen      total 312320K, used 10808K [0x00000000e0000000, 0x00000000f9280000, 0x0000000100000000)
  eden space 289280K, 0% used [0x00000000e0000000,0x00000000e0000000,0x00000000f1a80000)
  from space 23040K, 46% used [0x00000000f1a80000,0x00000000f250e060,0x00000000f3100000)
  to   space 22016K, 0% used [0x00000000f7d00000,0x00000000f7d00000,0x00000000f9280000)
 ParOldGen       total 106496K, used 70291K [0x00000000a0000000, 0x00000000a6800000, 0x00000000e0000000)
  object space 106496K, 66% used [0x00000000a0000000,0x00000000a44a4d30,0x00000000a6800000)
 Metaspace       used 75383K, capacity 78008K, committed 78296K, reserved 1118208K
  class space    used 9814K, capacity 10393K, committed 10496K, reserved 1048576K
}
Event: 233.233 GC heap before
{Heap before GC invocations=34 (full 4):
 PSYoungGen      total 312320K, used 300088K [0x00000000e0000000, 0x00000000f9280000, 0x0000000100000000)
  eden space 289280K, 100% used [0x00000000e0000000,0x00000000f1a80000,0x00000000f1a80000)
  from space 23040K, 46% used [0x00000000f1a80000,0x00000000f250e060,0x00000000f3100000)
  to   space 22016K, 0% used [0x00000000f7d00000,0x00000000f7d00000,0x00000000f9280000)
 ParOldGen       total 106496K, used 70291K [0x00000000a0000000, 0x00000000a6800000, 0x00000000e0000000)
  object space 106496K, 66% used [0x00000000a0000000,0x00000000a44a4d30,0x00000000a6800000)
 Metaspace       used 75392K, capacity 78008K, committed 78296K, reserved 1118208K
  class space    used 9814K, capacity 10393K, committed 10496K, reserved 1048576K
Event: 237.911 GC heap after
Heap after GC invocations=34 (full 4):
 PSYoungGen      total 390656K, used 6724K [0x00000000e0000000, 0x00000000f9280000, 0x0000000100000000)
  eden space 368640K, 0% used [0x00000000e0000000,0x00000000e0000000,0x00000000f6800000)
  from space 22016K, 30% used [0x00000000f7d00000,0x00000000f8391130,0x00000000f9280000)
  to   space 21504K, 0% used [0x00000000f6800000,0x00000000f6800000,0x00000000f7d00000)
 ParOldGen       total 106496K, used 73323K [0x00000000a0000000, 0x00000000a6800000, 0x00000000e0000000)
  object space 106496K, 68% used [0x00000000a0000000,0x00000000a479ad30,0x00000000a6800000)
 Metaspace       used 75392K, capacity 78008K, committed 78296K, reserved 1118208K
  class space    used 9814K, capacity 10393K, committed 10496K, reserved 1048576K
}
Event: 362.146 GC heap before
{Heap before GC invocations=35 (full 4):
 PSYoungGen      total 390656K, used 375364K [0x00000000e0000000, 0x00000000f9280000, 0x0000000100000000)
  eden space 368640K, 100% used [0x00000000e0000000,0x00000000f6800000,0x00000000f6800000)
  from space 22016K, 30% used [0x00000000f7d00000,0x00000000f8391130,0x00000000f9280000)
  to   space 21504K, 0% used [0x00000000f6800000,0x00000000f6800000,0x00000000f7d00000)
 ParOldGen       total 106496K, used 73377K [0x00000000a0000000, 0x00000000a6800000, 0x00000000e0000000)
  object space 106496K, 68% used [0x00000000a0000000,0x00000000a47a8760,0x00000000a6800000)
 Metaspace       used 75426K, capacity 78008K, committed 78296K, reserved 1118208K
  class space    used 9814K, capacity 10393K, committed 10496K, reserved 1048576K

